Drill report for E:\Savio\Embedded Projects\Motas\PCB Design\Motas.kicad_pcb
Created on 8/24/2017 5:15:01 PM

Copper Layer Stackup:
    =============================================================
    L1 :  F.Cu                      front
    L2 :  B.Cu                      back


Drill file 'Motas.drl' contains
    plated through holes:
    =============================================================
    T1  0.40mm  0.016"  (45 holes)
    T2  0.50mm  0.020"  (2 holes)  (with 2 slots)
    T3  0.55mm  0.022"  (2 holes)  (with 2 slots)
    T4  0.60mm  0.024"  (15 holes)  (with 15 slots)
    T5  0.76mm  0.030"  (16 holes)
    T6  1.00mm  0.039"  (23 holes)
    T7  1.10mm  0.043"  (2 holes)
    T8  1.30mm  0.051"  (3 holes)

    Total plated holes count 108


Drill file 'Motas-NPTH.drl' contains
    unplated through holes:
    =============================================================
    T1  1.20mm  0.047"  (15 holes)

    Total unplated holes count 15
